<?xml version="1.0" encoding="UTF-8"?>
<!-- Generated by org.testng.reporters.JUnitReportReporter -->
<testsuite hostname="swethamukthapurams-MacBook-Pro.local" failures="0" tests="1" name="uiscripts.BaseTest" time="4.247" errors="0" timestamp="2023-04-28T16:28:46 IST" skipped="0">
  <testcase classname="uiscripts.BaseTest" name="MainPage" time="4.247"/>
  <system-out>
    <![CDATA[Successfully Home Page is loaded]]>
  </system-out>
</testsuite> <!-- uiscripts.BaseTest -->
