<?xml version="1.0" encoding="UTF-8"?>
<!-- Generated by org.testng.reporters.JUnitReportReporter -->
<testsuite hostname="swethamukthapurams-MacBook-Pro.local" failures="0" tests="1" name="org.example.AppTest" time="5.058" errors="0" timestamp="2023-04-28T16:28:46 IST" skipped="0">
  <testcase classname="org.example.AppTest" name="shouldAnswerWithTrue" time="5.058"/>
  <system-out/>
</testsuite> <!-- org.example.AppTest -->
